<?xml version="1.0" encoding="UTF-8"?>
<!-- Generated by org.testng.reporters.JUnitXMLReporter -->
<testsuite ignored="0" hostname="DESKTOP-C00EN1E" failures="0" tests="0" time="0.015" errors="0" timestamp="2021-06-24T11:35:42 PDT">
  <testcase classname="commonFunctions.CommonFunctions" name="@BeforeSuite lanchbrowser" time="0.124">
    <failure type="java.lang.IllegalStateException" message="The driver executable does not exist: E:\SeleniumProject1\driverlocation">
      <![CDATA[java.lang.IllegalStateException: The driver executable does not exist: E:\SeleniumProject1\driverlocation
at com.google.common.base.Preconditions.checkState(Preconditions.java:585)
at org.openqa.selenium.remote.service.DriverService.checkExecutable(DriverService.java:146)
at org.openqa.selenium.remote.service.DriverService.findExecutable(DriverService.java:141)
at org.openqa.selenium.chrome.ChromeDriverService.access$000(ChromeDriverService.java:35)
at org.openqa.selenium.chrome.ChromeDriverService$Builder.findDefaultExecutable(ChromeDriverService.java:159)
at org.openqa.selenium.remote.service.DriverService$Builder.build(DriverService.java:355)
at org.openqa.selenium.chrome.ChromeDriverService.createDefaultService(ChromeDriverService.java:94)
at org.openqa.selenium.chrome.ChromeDriver.<init>(ChromeDriver.java:123)
at commonFunctions.CommonFunctions.lanchbrowser(CommonFunctions.java:38)
... Removed 19 stack frames]]>
    </failure>
  </testcase> <!-- @BeforeSuite lanchbrowser -->
</testsuite>
